[INFO ] 2018-11-01 17:04:13.744 [main] ExcelReader - FILE_NAME      = 'xxx.xlsx'
[INFO ] 2018-11-01 17:04:13.751 [main] ExcelReader - FILTER_PATTERN = ''
[ERROR] 2018-11-01 17:04:13.753 [main] ExcelReader - *** OPEN SHEET FAILED : java.io.FileNotFoundException: ./Input/xxx.xlsx (No such file or directory)
[INFO ] 2018-11-01 17:04:13.753 [main] ExcelReader - *** SKIP PROCESSING APPLICATIONS - UNABLE TO OPEN SHEET xxx.xlsx
[INFO ] 2018-11-01 17:04:13.756 [main] ExcelReader - FILE_NAME      = 'data_empty.xlsx'
[INFO ] 2018-11-01 17:04:13.757 [main] ExcelReader - FILTER_PATTERN = ''
[ERROR] 2018-11-01 17:04:13.757 [main] ExcelReader - *** OPEN SHEET FAILED : java.io.FileNotFoundException: ./Input/data_empty.xlsx (No such file or directory)
[INFO ] 2018-11-01 17:04:13.757 [main] ExcelReader - *** SKIP PROCESSING APPLICATIONS - UNABLE TO OPEN SHEET data_empty.xlsx
[INFO ] 2018-11-01 17:04:13.762 [main] ExcelReader - FILE_NAME      = 'data_test.xlsx'
[INFO ] 2018-11-01 17:04:13.762 [main] ExcelReader - FILTER_PATTERN = ''
[INFO ] 2018-11-01 17:04:14.588 [main] ExcelReader - > add node with id=ID01 cluster='AAA-1' status='aktiv' name='Application 01' colorMode='cluster'
[INFO ] 2018-11-01 17:04:14.590 [main] ExcelReader - > add node with id=ID02 cluster='AAA-1' status='deprecated' name='Application 02' colorMode='cluster'
[INFO ] 2018-11-01 17:04:14.591 [main] ExcelReader - > add node with id=ID03 cluster='BBB-1' status='aktiv' name='Application 03' colorMode='cluster'
[INFO ] 2018-11-01 17:04:14.591 [main] ExcelReader - > add node with id=ID04 cluster='AAA-2' status='aktiv' name='Application 04' colorMode='cluster'
[INFO ] 2018-11-01 17:04:14.592 [main] ExcelReader - > add node with id=ID05 cluster='BBB-1' status='aktiv' name='Application 05' colorMode='cluster'
[INFO ] 2018-11-01 17:04:14.592 [main] ExcelReader - > add node with id=ID06 cluster='AAA-2' status='aktiv' name='Application 06' colorMode='cluster'
[INFO ] 2018-11-01 17:04:14.673 [main] ExcelReader - > add link from ID01 to ID03 description: 'E-Mail Versand' (IMAP)
[INFO ] 2018-11-01 17:04:14.673 [main] ExcelReader - > add link from ID02 to ID04 description: 'Service A' (HTTPS)
[INFO ] 2018-11-01 17:04:14.674 [main] ExcelReader - > add link from ID03 to ID05 description: 'Service B' (LDAPS)
[INFO ] 2018-11-01 17:04:14.675 [main] ExcelReader - > add link from ID04 to ID06 description: 'Anwendungsdaten' (JDBC)
[INFO ] 2018-11-01 17:04:14.675 [main] ExcelReader - > add link from ID01 to ID04 description: 'Service C' (HTTPS)
[INFO ] 2018-11-01 17:04:14.676 [main] ExcelReader - > add link from ID02 to ID06 description: 'Events & Logging' (JDBC)
[INFO ] 2018-11-01 17:04:14.677 [main] ExcelReader - > add link from ID01 to ID02 description: 'Service E' (HTTPS)
[INFO ] 2018-11-01 17:04:14.702 [main] ExcelReader - FILE_NAME      = 'data_test.xlsx'
[INFO ] 2018-11-01 17:04:14.702 [main] ExcelReader - FILTER_PATTERN = ''
[INFO ] 2018-11-01 17:04:14.764 [main] ExcelReader - > add node with id=ID01 cluster='AAA-1' status='aktiv' name='Application 01' colorMode='cluster'
[INFO ] 2018-11-01 17:04:14.766 [main] ExcelReader - > add node with id=ID02 cluster='AAA-1' status='deprecated' name='Application 02' colorMode='cluster'
[INFO ] 2018-11-01 17:04:14.768 [main] ExcelReader - > add node with id=ID03 cluster='BBB-1' status='aktiv' name='Application 03' colorMode='cluster'
[INFO ] 2018-11-01 17:04:14.770 [main] ExcelReader - > add node with id=ID04 cluster='AAA-2' status='aktiv' name='Application 04' colorMode='cluster'
[INFO ] 2018-11-01 17:04:14.771 [main] ExcelReader - > add node with id=ID05 cluster='BBB-1' status='aktiv' name='Application 05' colorMode='cluster'
[INFO ] 2018-11-01 17:04:14.771 [main] ExcelReader - > add node with id=ID06 cluster='AAA-2' status='aktiv' name='Application 06' colorMode='cluster'
[INFO ] 2018-11-01 17:04:14.916 [main] ExcelReader - > add link from ID01 to ID03 description: 'E-Mail Versand' (IMAP)
[INFO ] 2018-11-01 17:04:14.919 [main] ExcelReader - > add link from ID02 to ID04 description: 'Service A' (HTTPS)
[INFO ] 2018-11-01 17:04:14.919 [main] ExcelReader - > add link from ID03 to ID05 description: 'Service B' (LDAPS)
[INFO ] 2018-11-01 17:04:14.920 [main] ExcelReader - > add link from ID04 to ID06 description: 'Anwendungsdaten' (JDBC)
[INFO ] 2018-11-01 17:04:14.920 [main] ExcelReader - > add link from ID01 to ID04 description: 'Service C' (HTTPS)
[INFO ] 2018-11-01 17:04:14.921 [main] ExcelReader - > add link from ID02 to ID06 description: 'Events & Logging' (JDBC)
[INFO ] 2018-11-01 17:04:14.921 [main] ExcelReader - > add link from ID01 to ID02 description: 'Service E' (HTTPS)
[INFO ] 2018-11-01 17:05:16.084 [main] StartKt - Starting StartKt on Markuss-MBP.fritz.box with PID 6335 (/Users/markus/Projects/IntelliJ/directed_graph_generator/target/classes started by markus in /Users/markus/Projects/IntelliJ/directed_graph_generator)
[INFO ] 2018-11-01 17:05:16.105 [main] StartKt - No active profile set, falling back to default profiles: default
[INFO ] 2018-11-01 17:05:23.688 [main] StartKt - Started StartKt in 8.6 seconds (JVM running for 10.414)
[INFO ] 2018-11-01 17:05:40.738 [http-nio-8080-exec-2] DiagramController - Request Diagram | START - filter= file=data.xlsx package= showLinks=true  type=component
[INFO ] 2018-11-01 17:05:40.749 [http-nio-8080-exec-2] ExcelReader - FILE_NAME      = 'data.xlsx'
[INFO ] 2018-11-01 17:05:40.749 [http-nio-8080-exec-2] ExcelReader - FILTER_PATTERN = ''
[INFO ] 2018-11-01 17:05:41.443 [http-nio-8080-exec-2] ExcelReader - > add node with id=ID01 cluster='AAA-1' status='aktiv' name='Application 01' colorMode='cluster'
[INFO ] 2018-11-01 17:05:41.446 [http-nio-8080-exec-2] ExcelReader - > add node with id=ID02 cluster='AAA-1' status='deprecated' name='Application 02' colorMode='cluster'
[INFO ] 2018-11-01 17:05:41.447 [http-nio-8080-exec-2] ExcelReader - > add node with id=ID03 cluster='BBB-1' status='aktiv' name='Application 03' colorMode='cluster'
[INFO ] 2018-11-01 17:05:41.447 [http-nio-8080-exec-2] ExcelReader - > add node with id=ID04 cluster='AAA-2' status='aktiv' name='Application 04' colorMode='cluster'
[INFO ] 2018-11-01 17:05:41.448 [http-nio-8080-exec-2] ExcelReader - > add node with id=ID05 cluster='BBB-1' status='aktiv' name='Application 05' colorMode='cluster'
[INFO ] 2018-11-01 17:05:41.448 [http-nio-8080-exec-2] ExcelReader - > add node with id=ID06 cluster='AAA-2' status='aktiv' name='Application 06' colorMode='cluster'
[INFO ] 2018-11-01 17:05:41.519 [http-nio-8080-exec-2] ExcelReader - > add link from ID01 to ID03 description: 'E-Mail Versand' (IMAP)
[INFO ] 2018-11-01 17:05:41.520 [http-nio-8080-exec-2] ExcelReader - > add link from ID02 to ID04 description: 'Service A' (HTTPS)
[INFO ] 2018-11-01 17:05:41.521 [http-nio-8080-exec-2] ExcelReader - > add link from ID03 to ID05 description: 'Service B' (LDAPS)
[INFO ] 2018-11-01 17:05:41.521 [http-nio-8080-exec-2] ExcelReader - > add link from ID04 to ID06 description: 'Anwendungsdaten' (JDBC)
[INFO ] 2018-11-01 17:05:41.522 [http-nio-8080-exec-2] ExcelReader - > add link from ID01 to ID04 description: 'Service C' (HTTPS)
[INFO ] 2018-11-01 17:05:41.522 [http-nio-8080-exec-2] ExcelReader - > add link from ID02 to ID06 description: 'Events & Logging' (JDBC)
[INFO ] 2018-11-01 17:05:41.522 [http-nio-8080-exec-2] ExcelReader - > add link from ID01 to ID02 description: 'Service E' (HTTPS)
[INFO ] 2018-11-01 17:05:44.230 [http-nio-8080-exec-2] DiagramController - Request Diagram | END   - filter= file=data.xlsx package= showLinks=true  type=component
[INFO ] 2018-11-01 17:05:50.351 [http-nio-8080-exec-3] DiagramController - Request Diagram | START - filter= file=data.xlsx package= showLinks=true  type=component
[INFO ] 2018-11-01 17:05:50.351 [http-nio-8080-exec-3] ExcelReader - FILE_NAME      = 'data.xlsx'
[INFO ] 2018-11-01 17:05:50.351 [http-nio-8080-exec-3] ExcelReader - FILTER_PATTERN = ''
[INFO ] 2018-11-01 17:05:50.433 [http-nio-8080-exec-3] ExcelReader - > add node with id=ID01 cluster='AAA-1' status='aktiv' name='Application 01' colorMode='location'
[INFO ] 2018-11-01 17:05:50.434 [http-nio-8080-exec-3] ExcelReader - > add node with id=ID02 cluster='AAA-1' status='deprecated' name='Application 02' colorMode='location'
[INFO ] 2018-11-01 17:05:50.434 [http-nio-8080-exec-3] ExcelReader - > add node with id=ID03 cluster='BBB-1' status='aktiv' name='Application 03' colorMode='location'
[INFO ] 2018-11-01 17:05:50.435 [http-nio-8080-exec-3] ExcelReader - > add node with id=ID04 cluster='AAA-2' status='aktiv' name='Application 04' colorMode='location'
[INFO ] 2018-11-01 17:05:50.436 [http-nio-8080-exec-3] ExcelReader - > add node with id=ID05 cluster='BBB-1' status='aktiv' name='Application 05' colorMode='location'
[INFO ] 2018-11-01 17:05:50.437 [http-nio-8080-exec-3] ExcelReader - > add node with id=ID06 cluster='AAA-2' status='aktiv' name='Application 06' colorMode='location'
[INFO ] 2018-11-01 17:05:50.518 [http-nio-8080-exec-3] ExcelReader - > add link from ID01 to ID03 description: 'E-Mail Versand' (IMAP)
[INFO ] 2018-11-01 17:05:50.519 [http-nio-8080-exec-3] ExcelReader - > add link from ID02 to ID04 description: 'Service A' (HTTPS)
[INFO ] 2018-11-01 17:05:50.519 [http-nio-8080-exec-3] ExcelReader - > add link from ID03 to ID05 description: 'Service B' (LDAPS)
[INFO ] 2018-11-01 17:05:50.519 [http-nio-8080-exec-3] ExcelReader - > add link from ID04 to ID06 description: 'Anwendungsdaten' (JDBC)
[INFO ] 2018-11-01 17:05:50.520 [http-nio-8080-exec-3] ExcelReader - > add link from ID01 to ID04 description: 'Service C' (HTTPS)
[INFO ] 2018-11-01 17:05:50.520 [http-nio-8080-exec-3] ExcelReader - > add link from ID02 to ID06 description: 'Events & Logging' (JDBC)
[INFO ] 2018-11-01 17:05:50.521 [http-nio-8080-exec-3] ExcelReader - > add link from ID01 to ID02 description: 'Service E' (HTTPS)
[INFO ] 2018-11-01 17:05:50.968 [http-nio-8080-exec-3] DiagramController - Request Diagram | END   - filter= file=data.xlsx package= showLinks=true  type=component
[INFO ] 2018-11-01 17:05:53.989 [http-nio-8080-exec-4] DiagramController - Request Diagram | START - filter= file=data.xlsx package= showLinks=false  type=graph
[INFO ] 2018-11-01 17:05:53.990 [http-nio-8080-exec-4] ExcelReader - FILE_NAME      = 'data.xlsx'
[INFO ] 2018-11-01 17:05:53.990 [http-nio-8080-exec-4] ExcelReader - FILTER_PATTERN = ''
[INFO ] 2018-11-01 17:05:54.059 [http-nio-8080-exec-4] ExcelReader - > add node with id=ID01 cluster='AAA-1' status='aktiv' name='Application 01' colorMode='cluster'
[INFO ] 2018-11-01 17:05:54.060 [http-nio-8080-exec-4] ExcelReader - > add node with id=ID02 cluster='AAA-1' status='deprecated' name='Application 02' colorMode='cluster'
[INFO ] 2018-11-01 17:05:54.060 [http-nio-8080-exec-4] ExcelReader - > add node with id=ID03 cluster='BBB-1' status='aktiv' name='Application 03' colorMode='cluster'
[INFO ] 2018-11-01 17:05:54.061 [http-nio-8080-exec-4] ExcelReader - > add node with id=ID04 cluster='AAA-2' status='aktiv' name='Application 04' colorMode='cluster'
[INFO ] 2018-11-01 17:05:54.061 [http-nio-8080-exec-4] ExcelReader - > add node with id=ID05 cluster='BBB-1' status='aktiv' name='Application 05' colorMode='cluster'
[INFO ] 2018-11-01 17:05:54.062 [http-nio-8080-exec-4] ExcelReader - > add node with id=ID06 cluster='AAA-2' status='aktiv' name='Application 06' colorMode='cluster'
[INFO ] 2018-11-01 17:05:54.110 [http-nio-8080-exec-4] ExcelReader - > add link from ID01 to ID03 description: 'E-Mail Versand' (IMAP)
[INFO ] 2018-11-01 17:05:54.111 [http-nio-8080-exec-4] ExcelReader - > add link from ID02 to ID04 description: 'Service A' (HTTPS)
[INFO ] 2018-11-01 17:05:54.113 [http-nio-8080-exec-4] ExcelReader - > add link from ID03 to ID05 description: 'Service B' (LDAPS)
[INFO ] 2018-11-01 17:05:54.114 [http-nio-8080-exec-4] ExcelReader - > add link from ID04 to ID06 description: 'Anwendungsdaten' (JDBC)
[INFO ] 2018-11-01 17:05:54.114 [http-nio-8080-exec-4] ExcelReader - > add link from ID01 to ID04 description: 'Service C' (HTTPS)
[INFO ] 2018-11-01 17:05:54.114 [http-nio-8080-exec-4] ExcelReader - > add link from ID02 to ID06 description: 'Events & Logging' (JDBC)
[INFO ] 2018-11-01 17:05:54.114 [http-nio-8080-exec-4] ExcelReader - > add link from ID01 to ID02 description: 'Service E' (HTTPS)
[INFO ] 2018-11-01 17:05:54.126 [http-nio-8080-exec-4] DiagramController - Request Diagram | END   - filter= file=data.xlsx package= showLinks=false  type=graph
[INFO ] 2018-11-01 17:06:54.155 [http-nio-8080-exec-7] DiagramController - Request Diagram | START - filter= file=data.xlsx package= showLinks=true  type=component
[INFO ] 2018-11-01 17:06:54.155 [http-nio-8080-exec-7] ExcelReader - FILE_NAME      = 'data.xlsx'
[INFO ] 2018-11-01 17:06:54.155 [http-nio-8080-exec-7] ExcelReader - FILTER_PATTERN = ''
[INFO ] 2018-11-01 17:06:54.200 [http-nio-8080-exec-7] ExcelReader - > add node with id=ID01 cluster='AAA-1' status='aktiv' name='Application 01' colorMode='cluster'
[INFO ] 2018-11-01 17:06:54.201 [http-nio-8080-exec-7] ExcelReader - > add node with id=ID02 cluster='AAA-1' status='deprecated' name='Application 02' colorMode='cluster'
[INFO ] 2018-11-01 17:06:54.201 [http-nio-8080-exec-7] ExcelReader - > add node with id=ID03 cluster='BBB-1' status='aktiv' name='Application 03' colorMode='cluster'
[INFO ] 2018-11-01 17:06:54.202 [http-nio-8080-exec-7] ExcelReader - > add node with id=ID04 cluster='AAA-2' status='aktiv' name='Application 04' colorMode='cluster'
[INFO ] 2018-11-01 17:06:54.202 [http-nio-8080-exec-7] ExcelReader - > add node with id=ID05 cluster='BBB-1' status='aktiv' name='Application 05' colorMode='cluster'
[INFO ] 2018-11-01 17:06:54.203 [http-nio-8080-exec-7] ExcelReader - > add node with id=ID06 cluster='AAA-2' status='aktiv' name='Application 06' colorMode='cluster'
[INFO ] 2018-11-01 17:06:54.242 [http-nio-8080-exec-7] ExcelReader - > add link from ID01 to ID03 description: 'E-Mail Versand' (IMAP)
[INFO ] 2018-11-01 17:06:54.243 [http-nio-8080-exec-7] ExcelReader - > add link from ID02 to ID04 description: 'Service A' (HTTPS)
[INFO ] 2018-11-01 17:06:54.243 [http-nio-8080-exec-7] ExcelReader - > add link from ID03 to ID05 description: 'Service B' (LDAPS)
[INFO ] 2018-11-01 17:06:54.243 [http-nio-8080-exec-7] ExcelReader - > add link from ID04 to ID06 description: 'Anwendungsdaten' (JDBC)
[INFO ] 2018-11-01 17:06:54.243 [http-nio-8080-exec-7] ExcelReader - > add link from ID01 to ID04 description: 'Service C' (HTTPS)
[INFO ] 2018-11-01 17:06:54.244 [http-nio-8080-exec-7] ExcelReader - > add link from ID02 to ID06 description: 'Events & Logging' (JDBC)
[INFO ] 2018-11-01 17:06:54.244 [http-nio-8080-exec-7] ExcelReader - > add link from ID01 to ID02 description: 'Service E' (HTTPS)
[INFO ] 2018-11-01 17:06:54.581 [http-nio-8080-exec-7] DiagramController - Request Diagram | END   - filter= file=data.xlsx package= showLinks=true  type=component
[INFO ] 2018-11-01 17:09:38.832 [http-nio-8080-exec-9] DiagramController - Request Diagram | START - filter= file=data.xlsx package= showLinks=true  type=component
[INFO ] 2018-11-01 17:09:38.832 [http-nio-8080-exec-9] ExcelReader - FILE_NAME      = 'data.xlsx'
[INFO ] 2018-11-01 17:09:38.832 [http-nio-8080-exec-9] ExcelReader - FILTER_PATTERN = ''
[INFO ] 2018-11-01 17:09:38.866 [http-nio-8080-exec-9] ExcelReader - > add node with id=ID01 cluster='AAA-1' status='aktiv' name='Application 01' colorMode='cluster'
[INFO ] 2018-11-01 17:09:38.867 [http-nio-8080-exec-9] ExcelReader - > add node with id=ID02 cluster='AAA-1' status='deprecated' name='Application 02' colorMode='cluster'
[INFO ] 2018-11-01 17:09:38.868 [http-nio-8080-exec-9] ExcelReader - > add node with id=ID03 cluster='BBB-1' status='aktiv' name='Application 03' colorMode='cluster'
[INFO ] 2018-11-01 17:09:38.868 [http-nio-8080-exec-9] ExcelReader - > add node with id=ID04 cluster='AAA-2' status='aktiv' name='Application 04' colorMode='cluster'
[INFO ] 2018-11-01 17:09:38.869 [http-nio-8080-exec-9] ExcelReader - > add node with id=ID05 cluster='BBB-1' status='aktiv' name='Application 05' colorMode='cluster'
[INFO ] 2018-11-01 17:09:38.869 [http-nio-8080-exec-9] ExcelReader - > add node with id=ID06 cluster='AAA-2' status='aktiv' name='Application 06' colorMode='cluster'
[INFO ] 2018-11-01 17:09:38.896 [http-nio-8080-exec-9] ExcelReader - > add link from ID01 to ID03 description: 'E-Mail Versand' (IMAP)
[INFO ] 2018-11-01 17:09:38.896 [http-nio-8080-exec-9] ExcelReader - > add link from ID02 to ID04 description: 'Service A' (HTTPS)
[INFO ] 2018-11-01 17:09:38.896 [http-nio-8080-exec-9] ExcelReader - > add link from ID03 to ID05 description: 'Service B' (LDAPS)
[INFO ] 2018-11-01 17:09:38.897 [http-nio-8080-exec-9] ExcelReader - > add link from ID04 to ID06 description: 'Anwendungsdaten' (JDBC)
[INFO ] 2018-11-01 17:09:38.897 [http-nio-8080-exec-9] ExcelReader - > add link from ID01 to ID04 description: 'Service C' (HTTPS)
[INFO ] 2018-11-01 17:09:38.897 [http-nio-8080-exec-9] ExcelReader - > add link from ID02 to ID06 description: 'Events & Logging' (JDBC)
[INFO ] 2018-11-01 17:09:38.897 [http-nio-8080-exec-9] ExcelReader - > add link from ID01 to ID02 description: 'Service E' (HTTPS)
[INFO ] 2018-11-01 17:09:39.270 [http-nio-8080-exec-9] DiagramController - Request Diagram | END   - filter= file=data.xlsx package= showLinks=true  type=component
